-------------------------------------------------------------------------------
Test set: br.com.pamcary.controller.PessoaControllerTest
-------------------------------------------------------------------------------
Tests run: 9, Failures: 1, Errors: 0, Skipped: 0, Time elapsed: 40.716 s <<< FAILURE! - in br.com.pamcary.controller.PessoaControllerTest
whenUpdatePessoa(br.com.pamcary.controller.PessoaControllerTest)  Time elapsed: 12.665 s  <<< FAILURE!
java.lang.AssertionError: Status expected:<200> but was:<404>
	at br.com.pamcary.controller.PessoaControllerTest.whenUpdatePessoa(PessoaControllerTest.java:197)

